;  LST file generated by mikroListExporter - v.2.0 
; Date/Time: 26/08/2025 07:58:31 a. m.
;----------------------------------------------

;Address Opcode 	ASM
0x0000	0x2803      	GOTO       3
_main:
;SEMAFORO.c,1 :: 		void main() {
;SEMAFORO.c,3 :: 		TRISA = 0x00;  // Configura PORTA como salida
0x0003	0x1683      	BSF        STATUS, 5
0x0004	0x1303      	BCF        STATUS, 6
0x0005	0x0185      	CLRF       TRISA
;SEMAFORO.c,4 :: 		TRISB = 0x00;  // Configura PORTB como salida
0x0006	0x0186      	CLRF       TRISB
;SEMAFORO.c,7 :: 		PORTA = 0x00;  // Todos los pines de PORTA apagados (verde, amarillo, rojo de semáforo 1)
0x0007	0x1283      	BCF        STATUS, 5
0x0008	0x0185      	CLRF       PORTA
;SEMAFORO.c,8 :: 		PORTB = 0x00;  // Todos los pines de PORTB apagados (verde, amarillo, rojo de semáforo 2)
0x0009	0x0186      	CLRF       PORTB
;SEMAFORO.c,10 :: 		while (1) {
L_main0:
;SEMAFORO.c,11 :: 		PORTA = 0x04;  // Semáforo 1 ROJO
0x000A	0x3004      	MOVLW      4
0x000B	0x0085      	MOVWF      PORTA
;SEMAFORO.c,12 :: 		PORTB = 0x02;  // Semáforo 2 AMARILLO
0x000C	0x3002      	MOVLW      2
0x000D	0x0086      	MOVWF      PORTB
;SEMAFORO.c,14 :: 		Delay_ms(3000);  // Espera de 5 segundos
0x000E	0x303D      	MOVLW      61
0x000F	0x00FB      	MOVWF      R11
0x0010	0x30E1      	MOVLW      225
0x0011	0x00FC      	MOVWF      R12
0x0012	0x303F      	MOVLW      63
0x0013	0x00FD      	MOVWF      R13
L_main2:
0x0014	0x0BFD      	DECFSZ     R13, 1
0x0015	0x2814      	GOTO       L_main2
0x0016	0x0BFC      	DECFSZ     R12, 1
0x0017	0x2814      	GOTO       L_main2
0x0018	0x0BFB      	DECFSZ     R11, 1
0x0019	0x2814      	GOTO       L_main2
0x001A	0x0000      	NOP
0x001B	0x0000      	NOP
;SEMAFORO.c,16 :: 		PORTA = 0x01;  // Semáforo 1 VERDE
0x001C	0x3001      	MOVLW      1
0x001D	0x0085      	MOVWF      PORTA
;SEMAFORO.c,17 :: 		PORTB = 0x04;  // Semáforo 2 ROJO
0x001E	0x3004      	MOVLW      4
0x001F	0x0086      	MOVWF      PORTB
;SEMAFORO.c,19 :: 		Delay_ms(5000);  // Espera de 3 segundos
0x0020	0x3066      	MOVLW      102
0x0021	0x00FB      	MOVWF      R11
0x0022	0x3076      	MOVLW      118
0x0023	0x00FC      	MOVWF      R12
0x0024	0x30C1      	MOVLW      193
0x0025	0x00FD      	MOVWF      R13
L_main3:
0x0026	0x0BFD      	DECFSZ     R13, 1
0x0027	0x2826      	GOTO       L_main3
0x0028	0x0BFC      	DECFSZ     R12, 1
0x0029	0x2826      	GOTO       L_main3
0x002A	0x0BFB      	DECFSZ     R11, 1
0x002B	0x2826      	GOTO       L_main3
;SEMAFORO.c,21 :: 		PORTA = 0x02;  // Semáforo 1 AMARILLO
0x002C	0x3002      	MOVLW      2
0x002D	0x0085      	MOVWF      PORTA
;SEMAFORO.c,22 :: 		PORTB = 0x04;  // Semáforo 2 ROJO
0x002E	0x3004      	MOVLW      4
0x002F	0x0086      	MOVWF      PORTB
;SEMAFORO.c,24 :: 		Delay_ms(3000);  // Espera de 5 segundos
0x0030	0x303D      	MOVLW      61
0x0031	0x00FB      	MOVWF      R11
0x0032	0x30E1      	MOVLW      225
0x0033	0x00FC      	MOVWF      R12
0x0034	0x303F      	MOVLW      63
0x0035	0x00FD      	MOVWF      R13
L_main4:
0x0036	0x0BFD      	DECFSZ     R13, 1
0x0037	0x2836      	GOTO       L_main4
0x0038	0x0BFC      	DECFSZ     R12, 1
0x0039	0x2836      	GOTO       L_main4
0x003A	0x0BFB      	DECFSZ     R11, 1
0x003B	0x2836      	GOTO       L_main4
0x003C	0x0000      	NOP
0x003D	0x0000      	NOP
;SEMAFORO.c,26 :: 		PORTA = 0x04;  // Semáforo 1 ROJO
0x003E	0x3004      	MOVLW      4
0x003F	0x0085      	MOVWF      PORTA
;SEMAFORO.c,27 :: 		PORTB = 0x01;  // Semáforo 2 VERDE
0x0040	0x3001      	MOVLW      1
0x0041	0x0086      	MOVWF      PORTB
;SEMAFORO.c,29 :: 		Delay_ms(5000);  // Espera de 3 segundos
0x0042	0x3066      	MOVLW      102
0x0043	0x00FB      	MOVWF      R11
0x0044	0x3076      	MOVLW      118
0x0045	0x00FC      	MOVWF      R12
0x0046	0x30C1      	MOVLW      193
0x0047	0x00FD      	MOVWF      R13
L_main5:
0x0048	0x0BFD      	DECFSZ     R13, 1
0x0049	0x2848      	GOTO       L_main5
0x004A	0x0BFC      	DECFSZ     R12, 1
0x004B	0x2848      	GOTO       L_main5
0x004C	0x0BFB      	DECFSZ     R11, 1
0x004D	0x2848      	GOTO       L_main5
;SEMAFORO.c,31 :: 		}
0x004E	0x280A      	GOTO       L_main0
;SEMAFORO.c,32 :: 		}
L_end_main:
0x004F	0x284F      	GOTO       $+0
; end of _main
Symbol List:
//** Routines locations **
//ADDRESS    SIZE    PROCEDURE
//----------------------------------------------
0x0003      [77]    _main
//** Variables locations ** 
//ADDRESS    SIZE    VARIABLE
//----------------------------------------------
0x0000       [1]    INDF
0x0003       [1]    STATUS
0x0004       [1]    FSR
0x0005       [1]    PORTA
0x0006       [1]    PORTB
0x000A       [1]    PCLATH
0x0020       [2]    ___DoICPAddr
0x0070       [1]    R0
0x0071       [1]    R1
0x0072       [1]    R2
0x0073       [1]    R3
0x0074       [1]    R4
0x0075       [1]    R5
0x0076       [1]    R6
0x0077       [1]    R7
0x0078       [1]    R8
0x0079       [1]    R9
0x007A       [1]    R10
0x007B       [1]    R11
0x007C       [1]    R12
0x007D       [1]    R13
0x007E       [1]    R14
0x007F       [1]    R15
0x0085       [1]    TRISA
0x0086       [1]    TRISB
