;  LST file generated by mikroListExporter - v.2.0 
; Date/Time: 09/09/2025 03:38:52 p. m.
;----------------------------------------------

;Address Opcode 	ASM
0x0000	0x2803      	GOTO       3
_main:
;practica2_2.c,11 :: 		void main() {
;practica2_2.c,12 :: 		ADCON1 = 0x07;   // Deshabilita entradas analógicas, todos los pines como digitales
0x0003	0x3007      	MOVLW      7
0x0004	0x1683      	BSF        STATUS, 5
0x0005	0x1303      	BCF        STATUS, 6
0x0006	0x009F      	MOVWF      ADCON1
;practica2_2.c,14 :: 		TRISB = 0; // Configura todos los pines del puerto B como salida
0x0007	0x0186      	CLRF       TRISB
;practica2_2.c,15 :: 		TRISC = 0; // Configura todos los pines del puerto C como salida
0x0008	0x0187      	CLRF       TRISC
;practica2_2.c,16 :: 		TRISD = 0; // Configura todos los pines del puerto D como salida
0x0009	0x0188      	CLRF       TRISD
;practica2_2.c,17 :: 		TRISE = 0; // Configura todos los pines del puerto E como salida
0x000A	0x0189      	CLRF       TRISE
;practica2_2.c,20 :: 		PORTB = 0;
0x000B	0x1283      	BCF        STATUS, 5
0x000C	0x0186      	CLRF       PORTB
;practica2_2.c,21 :: 		PORTC = 0;
0x000D	0x0187      	CLRF       PORTC
;practica2_2.c,22 :: 		PORTD = 0;
0x000E	0x0188      	CLRF       PORTD
;practica2_2.c,23 :: 		PORTE = 0;
0x000F	0x0189      	CLRF       PORTE
;practica2_2.c,25 :: 		while(1) { // Ciclo infinito
L_main0:
;practica2_2.c,27 :: 		PORTB.RB0 = 1;
0x0010	0x1406      	BSF        PORTB, 0
;practica2_2.c,28 :: 		PORTB.RB1 = 0;
0x0011	0x1086      	BCF        PORTB, 1
;practica2_2.c,29 :: 		PORTC.RC2 = 1;
0x0012	0x1507      	BSF        PORTC, 2
;practica2_2.c,30 :: 		PORTC.RC3 = 0;
0x0013	0x1187      	BCF        PORTC, 3
;practica2_2.c,31 :: 		PORTD.RD4 = 1;
0x0014	0x1608      	BSF        PORTD, 4
;practica2_2.c,32 :: 		PORTD.RD5 = 0;
0x0015	0x1288      	BCF        PORTD, 5
;practica2_2.c,33 :: 		PORTE.RE0 = 1;
0x0016	0x1409      	BSF        PORTE, 0
;practica2_2.c,34 :: 		PORTE.RE1 = 0;
0x0017	0x1089      	BCF        PORTE, 1
;practica2_2.c,35 :: 		Delay_ms(2000);
0x0018	0x3029      	MOVLW      41
0x0019	0x00FB      	MOVWF      R11
0x001A	0x3096      	MOVLW      150
0x001B	0x00FC      	MOVWF      R12
0x001C	0x307F      	MOVLW      127
0x001D	0x00FD      	MOVWF      R13
L_main2:
0x001E	0x0BFD      	DECFSZ     R13, 1
0x001F	0x281E      	GOTO       L_main2
0x0020	0x0BFC      	DECFSZ     R12, 1
0x0021	0x281E      	GOTO       L_main2
0x0022	0x0BFB      	DECFSZ     R11, 1
0x0023	0x281E      	GOTO       L_main2
;practica2_2.c,38 :: 		PORTB.RB0 = 1;
0x0024	0x1406      	BSF        PORTB, 0
;practica2_2.c,39 :: 		PORTB.RB1 = 1;
0x0025	0x1486      	BSF        PORTB, 1
;practica2_2.c,40 :: 		PORTC.RC2 = 0;
0x0026	0x1107      	BCF        PORTC, 2
;practica2_2.c,41 :: 		PORTC.RC3 = 0;
0x0027	0x1187      	BCF        PORTC, 3
;practica2_2.c,42 :: 		PORTD.RD4 = 1;
0x0028	0x1608      	BSF        PORTD, 4
;practica2_2.c,43 :: 		PORTD.RD5 = 1;
0x0029	0x1688      	BSF        PORTD, 5
;practica2_2.c,44 :: 		PORTE.RE0 = 0;
0x002A	0x1009      	BCF        PORTE, 0
;practica2_2.c,45 :: 		PORTE.RE1 = 0;
0x002B	0x1089      	BCF        PORTE, 1
;practica2_2.c,46 :: 		Delay_ms(2000);
0x002C	0x3029      	MOVLW      41
0x002D	0x00FB      	MOVWF      R11
0x002E	0x3096      	MOVLW      150
0x002F	0x00FC      	MOVWF      R12
0x0030	0x307F      	MOVLW      127
0x0031	0x00FD      	MOVWF      R13
L_main3:
0x0032	0x0BFD      	DECFSZ     R13, 1
0x0033	0x2832      	GOTO       L_main3
0x0034	0x0BFC      	DECFSZ     R12, 1
0x0035	0x2832      	GOTO       L_main3
0x0036	0x0BFB      	DECFSZ     R11, 1
0x0037	0x2832      	GOTO       L_main3
;practica2_2.c,49 :: 		PORTB.RB0 = 0;
0x0038	0x1006      	BCF        PORTB, 0
;practica2_2.c,50 :: 		PORTB.RB1 = 1;
0x0039	0x1486      	BSF        PORTB, 1
;practica2_2.c,51 :: 		PORTC.RC2 = 1;
0x003A	0x1507      	BSF        PORTC, 2
;practica2_2.c,52 :: 		PORTC.RC3 = 1;
0x003B	0x1587      	BSF        PORTC, 3
;practica2_2.c,53 :: 		PORTD.RD4 = 0;
0x003C	0x1208      	BCF        PORTD, 4
;practica2_2.c,54 :: 		PORTD.RD5 = 1;
0x003D	0x1688      	BSF        PORTD, 5
;practica2_2.c,55 :: 		PORTE.RE0 = 1;
0x003E	0x1409      	BSF        PORTE, 0
;practica2_2.c,56 :: 		PORTE.RE1 = 1;
0x003F	0x1489      	BSF        PORTE, 1
;practica2_2.c,57 :: 		Delay_ms(2000);
0x0040	0x3029      	MOVLW      41
0x0041	0x00FB      	MOVWF      R11
0x0042	0x3096      	MOVLW      150
0x0043	0x00FC      	MOVWF      R12
0x0044	0x307F      	MOVLW      127
0x0045	0x00FD      	MOVWF      R13
L_main4:
0x0046	0x0BFD      	DECFSZ     R13, 1
0x0047	0x2846      	GOTO       L_main4
0x0048	0x0BFC      	DECFSZ     R12, 1
0x0049	0x2846      	GOTO       L_main4
0x004A	0x0BFB      	DECFSZ     R11, 1
0x004B	0x2846      	GOTO       L_main4
;practica2_2.c,60 :: 		PORTB.RB0 = 1;
0x004C	0x1406      	BSF        PORTB, 0
;practica2_2.c,61 :: 		PORTB.RB1 = 1;
0x004D	0x1486      	BSF        PORTB, 1
;practica2_2.c,62 :: 		PORTC.RC2 = 1;
0x004E	0x1507      	BSF        PORTC, 2
;practica2_2.c,63 :: 		PORTC.RC3 = 1;
0x004F	0x1587      	BSF        PORTC, 3
;practica2_2.c,64 :: 		PORTD.RD4 = 0;
0x0050	0x1208      	BCF        PORTD, 4
;practica2_2.c,65 :: 		PORTD.RD5 = 0;
0x0051	0x1288      	BCF        PORTD, 5
;practica2_2.c,66 :: 		PORTE.RE0 = 0;
0x0052	0x1009      	BCF        PORTE, 0
;practica2_2.c,67 :: 		PORTE.RE1 = 0;
0x0053	0x1089      	BCF        PORTE, 1
;practica2_2.c,68 :: 		Delay_ms(2000);
0x0054	0x3029      	MOVLW      41
0x0055	0x00FB      	MOVWF      R11
0x0056	0x3096      	MOVLW      150
0x0057	0x00FC      	MOVWF      R12
0x0058	0x307F      	MOVLW      127
0x0059	0x00FD      	MOVWF      R13
L_main5:
0x005A	0x0BFD      	DECFSZ     R13, 1
0x005B	0x285A      	GOTO       L_main5
0x005C	0x0BFC      	DECFSZ     R12, 1
0x005D	0x285A      	GOTO       L_main5
0x005E	0x0BFB      	DECFSZ     R11, 1
0x005F	0x285A      	GOTO       L_main5
;practica2_2.c,71 :: 		PORTB.RB0 = 0;
0x0060	0x1006      	BCF        PORTB, 0
;practica2_2.c,72 :: 		PORTB.RB1 = 1;
0x0061	0x1486      	BSF        PORTB, 1
;practica2_2.c,73 :: 		PORTC.RC2 = 0;
0x0062	0x1107      	BCF        PORTC, 2
;practica2_2.c,74 :: 		PORTC.RC3 = 1;
0x0063	0x1587      	BSF        PORTC, 3
;practica2_2.c,75 :: 		PORTD.RD4 = 0;
0x0064	0x1208      	BCF        PORTD, 4
;practica2_2.c,76 :: 		PORTD.RD5 = 1;
0x0065	0x1688      	BSF        PORTD, 5
;practica2_2.c,77 :: 		PORTE.RE0 = 0;
0x0066	0x1009      	BCF        PORTE, 0
;practica2_2.c,78 :: 		PORTE.RE1 = 1;
0x0067	0x1489      	BSF        PORTE, 1
;practica2_2.c,79 :: 		Delay_ms(2000);
0x0068	0x3029      	MOVLW      41
0x0069	0x00FB      	MOVWF      R11
0x006A	0x3096      	MOVLW      150
0x006B	0x00FC      	MOVWF      R12
0x006C	0x307F      	MOVLW      127
0x006D	0x00FD      	MOVWF      R13
L_main6:
0x006E	0x0BFD      	DECFSZ     R13, 1
0x006F	0x286E      	GOTO       L_main6
0x0070	0x0BFC      	DECFSZ     R12, 1
0x0071	0x286E      	GOTO       L_main6
0x0072	0x0BFB      	DECFSZ     R11, 1
0x0073	0x286E      	GOTO       L_main6
;practica2_2.c,80 :: 		}
0x0074	0x2810      	GOTO       L_main0
;practica2_2.c,81 :: 		}
L_end_main:
0x0075	0x2875      	GOTO       $+0
; end of _main
Symbol List:
//** Routines locations **
//ADDRESS    SIZE    PROCEDURE
//----------------------------------------------
0x0003     [115]    _main
//** Variables locations ** 
//ADDRESS    SIZE    VARIABLE
//----------------------------------------------
0x0000       [1]    INDF
0x0003       [1]    STATUS
0x0004       [1]    FSR
0x0006       [1]    PORTB
0x0007       [1]    PORTC
0x0008       [1]    PORTD
0x0009       [1]    PORTE
0x000A       [1]    PCLATH
0x0020       [2]    ___DoICPAddr
0x0070       [1]    R0
0x0071       [1]    R1
0x0072       [1]    R2
0x0073       [1]    R3
0x0074       [1]    R4
0x0075       [1]    R5
0x0076       [1]    R6
0x0077       [1]    R7
0x0078       [1]    R8
0x0079       [1]    R9
0x007A       [1]    R10
0x007B       [1]    R11
0x007C       [1]    R12
0x007D       [1]    R13
0x007E       [1]    R14
0x007F       [1]    R15
0x0086       [1]    TRISB
0x0087       [1]    TRISC
0x0088       [1]    TRISD
0x0089       [1]    TRISE
0x009F       [1]    ADCON1
