;  LST file generated by mikroListExporter - v.2.0 
; Date/Time: 09/09/2025 08:55:41 a. m.
;----------------------------------------------

;Address Opcode 	ASM
0x0000	0x2803      	GOTO       3
_main:
;Practica_01_02.c,20 :: 		void main() {
;Practica_01_02.c,23 :: 		TRISB = 0xFC;  // RB0 y RB1 como salida, el resto como entrada
0x0003	0x30FC      	MOVLW      252
0x0004	0x1683      	BSF        STATUS, 5
0x0005	0x1303      	BCF        STATUS, 6
0x0006	0x0086      	MOVWF      TRISB
;Practica_01_02.c,24 :: 		TRISC = 0xF3;  // RC2 y RC3 como salida, el resto como entrada
0x0007	0x30F3      	MOVLW      243
0x0008	0x0087      	MOVWF      TRISC
;Practica_01_02.c,25 :: 		TRISD = 0xCF;  // RD4 y RD5 como salida, el resto como entrada
0x0009	0x30CF      	MOVLW      207
0x000A	0x0088      	MOVWF      TRISD
;Practica_01_02.c,26 :: 		TRISE = 0xFC;  // RE0 y RE1 como salida, el resto como entrada
0x000B	0x30FC      	MOVLW      252
0x000C	0x0089      	MOVWF      TRISE
;Practica_01_02.c,29 :: 		PORTB = 0x00;  // Apagar todos los LEDs conectados a RB0 y RB1
0x000D	0x1283      	BCF        STATUS, 5
0x000E	0x0186      	CLRF       PORTB
;Practica_01_02.c,30 :: 		PORTC = 0x00;  // Apagar todos los LEDs conectados a RC2 y RC3
0x000F	0x0187      	CLRF       PORTC
;Practica_01_02.c,31 :: 		PORTD = 0x00;  // Apagar todos los LEDs conectados a RD4 y RD5
0x0010	0x0188      	CLRF       PORTD
;Practica_01_02.c,32 :: 		PORTE = 0x00;  // Apagar todos los LEDs conectados a RE0 y RE1
0x0011	0x0189      	CLRF       PORTE
;Practica_01_02.c,34 :: 		while(1) {     // Ciclo infinito
L_main0:
;Practica_01_02.c,37 :: 		PORTB = 0x03;  // Encender RB0 y RB1
0x0012	0x3003      	MOVLW      3
0x0013	0x0086      	MOVWF      PORTB
;Practica_01_02.c,38 :: 		PORTC = 0x0C;  // Encender RC2 y RC3
0x0014	0x300C      	MOVLW      12
0x0015	0x0087      	MOVWF      PORTC
;Practica_01_02.c,39 :: 		PORTD = 0x30;  // Encender RD4 y RD5
0x0016	0x3030      	MOVLW      48
0x0017	0x0088      	MOVWF      PORTD
;Practica_01_02.c,40 :: 		PORTE = 0x03;  // Encender RE0 y RE1
0x0018	0x3003      	MOVLW      3
0x0019	0x0089      	MOVWF      PORTE
;Practica_01_02.c,43 :: 		Delay_ms(500);
0x001A	0x300B      	MOVLW      11
0x001B	0x00FB      	MOVWF      R11
0x001C	0x3026      	MOVLW      38
0x001D	0x00FC      	MOVWF      R12
0x001E	0x305D      	MOVLW      93
0x001F	0x00FD      	MOVWF      R13
L_main2:
0x0020	0x0BFD      	DECFSZ     R13, 1
0x0021	0x2820      	GOTO       L_main2
0x0022	0x0BFC      	DECFSZ     R12, 1
0x0023	0x2820      	GOTO       L_main2
0x0024	0x0BFB      	DECFSZ     R11, 1
0x0025	0x2820      	GOTO       L_main2
0x0026	0x0000      	NOP
0x0027	0x0000      	NOP
;Practica_01_02.c,46 :: 		PORTB = 0x00;  // Apagar RB0 y RB1
0x0028	0x0186      	CLRF       PORTB
;Practica_01_02.c,47 :: 		PORTC = 0x00;  // Apagar RC2 y RC3
0x0029	0x0187      	CLRF       PORTC
;Practica_01_02.c,48 :: 		PORTD = 0x00;  // Apagar RD4 y RD5
0x002A	0x0188      	CLRF       PORTD
;Practica_01_02.c,49 :: 		PORTE = 0x00;  // Apagar RE0 y RE1
0x002B	0x0189      	CLRF       PORTE
;Practica_01_02.c,52 :: 		Delay_ms(500);
0x002C	0x300B      	MOVLW      11
0x002D	0x00FB      	MOVWF      R11
0x002E	0x3026      	MOVLW      38
0x002F	0x00FC      	MOVWF      R12
0x0030	0x305D      	MOVLW      93
0x0031	0x00FD      	MOVWF      R13
L_main3:
0x0032	0x0BFD      	DECFSZ     R13, 1
0x0033	0x2832      	GOTO       L_main3
0x0034	0x0BFC      	DECFSZ     R12, 1
0x0035	0x2832      	GOTO       L_main3
0x0036	0x0BFB      	DECFSZ     R11, 1
0x0037	0x2832      	GOTO       L_main3
0x0038	0x0000      	NOP
0x0039	0x0000      	NOP
;Practica_01_02.c,53 :: 		}
0x003A	0x2812      	GOTO       L_main0
;Practica_01_02.c,54 :: 		}
L_end_main:
0x003B	0x283B      	GOTO       $+0
; end of _main
Symbol List:
//** Routines locations **
//ADDRESS    SIZE    PROCEDURE
//----------------------------------------------
0x0003      [57]    _main
//** Variables locations ** 
//ADDRESS    SIZE    VARIABLE
//----------------------------------------------
0x0000       [1]    INDF
0x0003       [1]    STATUS
0x0004       [1]    FSR
0x0006       [1]    PORTB
0x0007       [1]    PORTC
0x0008       [1]    PORTD
0x0009       [1]    PORTE
0x000A       [1]    PCLATH
0x0020       [2]    ___DoICPAddr
0x0070       [1]    R0
0x0071       [1]    R1
0x0072       [1]    R2
0x0073       [1]    R3
0x0074       [1]    R4
0x0075       [1]    R5
0x0076       [1]    R6
0x0077       [1]    R7
0x0078       [1]    R8
0x0079       [1]    R9
0x007A       [1]    R10
0x007B       [1]    R11
0x007C       [1]    R12
0x007D       [1]    R13
0x007E       [1]    R14
0x007F       [1]    R15
0x0086       [1]    TRISB
0x0087       [1]    TRISC
0x0088       [1]    TRISD
0x0089       [1]    TRISE
