;  LST file generated by mikroListExporter - v.2.0 
; Date/Time: 09/09/2025 02:32:29 p. m.
;----------------------------------------------

;Address Opcode 	ASM
0x0000	0x2803      	GOTO       3
_main:
;Practica1.c,1 :: 		void main() {
;Practica1.c,3 :: 		TRISB = 0; // Configura todos los pines del puerto B como salida
0x0003	0x1683      	BSF        STATUS, 5
0x0004	0x1303      	BCF        STATUS, 6
0x0005	0x0186      	CLRF       TRISB
;Practica1.c,4 :: 		TRISC = 0; // Configura todos los pines del puerto C como salida
0x0006	0x0187      	CLRF       TRISC
;Practica1.c,5 :: 		TRISD = 0; // Configura todos los pines del puerto D como salida
0x0007	0x0188      	CLRF       TRISD
;Practica1.c,6 :: 		TRISE = 0; // Configura todos los pines del puerto E como salida
0x0008	0x0189      	CLRF       TRISE
;Practica1.c,9 :: 		PORTB = 0;
0x0009	0x1283      	BCF        STATUS, 5
0x000A	0x0186      	CLRF       PORTB
;Practica1.c,10 :: 		PORTC = 0;
0x000B	0x0187      	CLRF       PORTC
;Practica1.c,11 :: 		PORTD = 0;
0x000C	0x0188      	CLRF       PORTD
;Practica1.c,12 :: 		PORTE = 0;
0x000D	0x0189      	CLRF       PORTE
;Practica1.c,14 :: 		while(1) { // Ciclo infinito
L_main0:
;Practica1.c,16 :: 		PORTB = 0xFF; // Todos los pines del puerto B en alto
0x000E	0x30FF      	MOVLW      255
0x000F	0x0086      	MOVWF      PORTB
;Practica1.c,17 :: 		PORTC = 0xFF; // Todos los pines del puerto C en alto
0x0010	0x30FF      	MOVLW      255
0x0011	0x0087      	MOVWF      PORTC
;Practica1.c,18 :: 		PORTD = 0xFF; // Todos los pines del puerto D en alto
0x0012	0x30FF      	MOVLW      255
0x0013	0x0088      	MOVWF      PORTD
;Practica1.c,19 :: 		PORTE = 0xFF; // Todos los pines del puerto E en alto
0x0014	0x30FF      	MOVLW      255
0x0015	0x0089      	MOVWF      PORTE
;Practica1.c,21 :: 		Delay_ms(500); // Espera 500ms (medio segundo)
0x0016	0x300B      	MOVLW      11
0x0017	0x00FB      	MOVWF      R11
0x0018	0x3026      	MOVLW      38
0x0019	0x00FC      	MOVWF      R12
0x001A	0x305D      	MOVLW      93
0x001B	0x00FD      	MOVWF      R13
L_main2:
0x001C	0x0BFD      	DECFSZ     R13, 1
0x001D	0x281C      	GOTO       L_main2
0x001E	0x0BFC      	DECFSZ     R12, 1
0x001F	0x281C      	GOTO       L_main2
0x0020	0x0BFB      	DECFSZ     R11, 1
0x0021	0x281C      	GOTO       L_main2
0x0022	0x0000      	NOP
0x0023	0x0000      	NOP
;Practica1.c,24 :: 		PORTB = 0x00; // Todos los pines del puerto B en bajo
0x0024	0x0186      	CLRF       PORTB
;Practica1.c,25 :: 		PORTC = 0x00; // Todos los pines del puerto C en bajo
0x0025	0x0187      	CLRF       PORTC
;Practica1.c,26 :: 		PORTD = 0x00; // Todos los pines del puerto D en bajo
0x0026	0x0188      	CLRF       PORTD
;Practica1.c,27 :: 		PORTE = 0x00; // Todos los pines del puerto E en bajo
0x0027	0x0189      	CLRF       PORTE
;Practica1.c,29 :: 		Delay_ms(500); // Espera 500ms (medio segundo)
0x0028	0x300B      	MOVLW      11
0x0029	0x00FB      	MOVWF      R11
0x002A	0x3026      	MOVLW      38
0x002B	0x00FC      	MOVWF      R12
0x002C	0x305D      	MOVLW      93
0x002D	0x00FD      	MOVWF      R13
L_main3:
0x002E	0x0BFD      	DECFSZ     R13, 1
0x002F	0x282E      	GOTO       L_main3
0x0030	0x0BFC      	DECFSZ     R12, 1
0x0031	0x282E      	GOTO       L_main3
0x0032	0x0BFB      	DECFSZ     R11, 1
0x0033	0x282E      	GOTO       L_main3
0x0034	0x0000      	NOP
0x0035	0x0000      	NOP
;Practica1.c,30 :: 		}
0x0036	0x280E      	GOTO       L_main0
;Practica1.c,31 :: 		}
L_end_main:
0x0037	0x2837      	GOTO       $+0
; end of _main
Symbol List:
//** Routines locations **
//ADDRESS    SIZE    PROCEDURE
//----------------------------------------------
0x0003      [53]    _main
//** Variables locations ** 
//ADDRESS    SIZE    VARIABLE
//----------------------------------------------
0x0000       [1]    INDF
0x0003       [1]    STATUS
0x0004       [1]    FSR
0x0006       [1]    PORTB
0x0007       [1]    PORTC
0x0008       [1]    PORTD
0x0009       [1]    PORTE
0x000A       [1]    PCLATH
0x0020       [2]    ___DoICPAddr
0x0070       [1]    R0
0x0071       [1]    R1
0x0072       [1]    R2
0x0073       [1]    R3
0x0074       [1]    R4
0x0075       [1]    R5
0x0076       [1]    R6
0x0077       [1]    R7
0x0078       [1]    R8
0x0079       [1]    R9
0x007A       [1]    R10
0x007B       [1]    R11
0x007C       [1]    R12
0x007D       [1]    R13
0x007E       [1]    R14
0x007F       [1]    R15
0x0086       [1]    TRISB
0x0087       [1]    TRISC
0x0088       [1]    TRISD
0x0089       [1]    TRISE
